2019-07-20 08:26:09 ÉÏÎç [Thread: main][ Class:org.springframework.test.context.support.DefaultTestContextBootstrapper >> Method: org.springframework.test.context.support.AbstractTestContextBootstrapper.getDefaultTestExecutionListenerClassNames(AbstractTestContextBootstrapper.java:260) ]
INFO:Loaded default TestExecutionListener class names from location [META-INF/spring.factories]: [org.springframework.test.context.web.ServletTestExecutionListener, org.springframework.test.context.support.DirtiesContextBeforeModesTestExecutionListener, org.springframework.test.context.support.DependencyInjectionTestExecutionListener, org.springframework.test.context.support.DirtiesContextTestExecutionListener, org.springframework.test.context.transaction.TransactionalTestExecutionListener, org.springframework.test.context.jdbc.SqlScriptsTestExecutionListener]
2019-07-20 08:26:09 ÉÏÎç [Thread: main][ Class:org.springframework.test.context.support.DefaultTestContextBootstrapper >> Method: org.springframework.test.context.support.AbstractTestContextBootstrapper.instantiateListeners(AbstractTestContextBootstrapper.java:209) ]
INFO:Could not instantiate TestExecutionListener [org.springframework.test.context.web.ServletTestExecutionListener]. Specify custom listener classes or make the default listener classes (and their required dependencies) available. Offending class: [javax/servlet/ServletContext]
2019-07-20 08:26:09 ÉÏÎç [Thread: main][ Class:org.springframework.test.context.support.DefaultTestContextBootstrapper >> Method: org.springframework.test.context.support.AbstractTestContextBootstrapper.getTestExecutionListeners(AbstractTestContextBootstrapper.java:187) ]
INFO:Using TestExecutionListeners: [org.springframework.test.context.support.DirtiesContextBeforeModesTestExecutionListener@59494225, org.springframework.test.context.support.DependencyInjectionTestExecutionListener@6e1567f1, org.springframework.test.context.support.DirtiesContextTestExecutionListener@5cb9f472, org.springframework.test.context.transaction.TransactionalTestExecutionListener@cb644e, org.springframework.test.context.jdbc.SqlScriptsTestExecutionListener@13805618]
2019-07-20 08:26:09 ÉÏÎç [Thread: main][ Class:org.springframework.beans.factory.xml.XmlBeanDefinitionReader >> Method: org.springframework.beans.factory.xml.XmlBeanDefinitionReader.loadBeanDefinitions(XmlBeanDefinitionReader.java:317) ]
INFO:Loading XML bean definitions from class path resource [applicationContext.xml]
2019-07-20 08:26:10 ÉÏÎç [Thread: main][ Class:org.springframework.context.support.GenericApplicationContext >> Method: org.springframework.context.support.AbstractApplicationContext.prepareRefresh(AbstractApplicationContext.java:582) ]
INFO:Refreshing org.springframework.context.support.GenericApplicationContext@5b87ed94: startup date [Sat Jul 20 08:26:10 GMT+08:00 2019]; root of context hierarchy
2019-07-20 08:26:11 ÉÏÎç [Thread: main][ Class:com.zaxxer.hikari.HikariDataSource >> Method: com.zaxxer.hikari.HikariDataSource.getConnection(HikariDataSource.java:110) ]
INFO:HikariPool-1 - Starting...
2019-07-20 08:26:11 ÉÏÎç [Thread: main][ Class:com.zaxxer.hikari.HikariDataSource >> Method: com.zaxxer.hikari.HikariDataSource.getConnection(HikariDataSource.java:123) ]
INFO:HikariPool-1 - Start completed.
2019-07-20 08:26:11 ÉÏÎç [Thread: Thread-0][ Class:org.springframework.context.support.GenericApplicationContext >> Method: org.springframework.context.support.AbstractApplicationContext.doClose(AbstractApplicationContext.java:987) ]
INFO:Closing org.springframework.context.support.GenericApplicationContext@5b87ed94: startup date [Sat Jul 20 08:26:10 GMT+08:00 2019]; root of context hierarchy
2019-07-20 08:26:11 ÉÏÎç [Thread: Thread-0][ Class:com.zaxxer.hikari.HikariDataSource >> Method: com.zaxxer.hikari.HikariDataSource.close(HikariDataSource.java:350) ]
INFO:HikariPool-1 - Shutdown initiated...
2019-07-20 08:26:11 ÉÏÎç [Thread: Thread-0][ Class:com.zaxxer.hikari.HikariDataSource >> Method: com.zaxxer.hikari.HikariDataSource.close(HikariDataSource.java:352) ]
INFO:HikariPool-1 - Shutdown completed.
2019-07-20 08:26:14 ä¸Šåˆ [Thread: main][ Class:org.springframework.test.context.support.DefaultTestContextBootstrapper >> Method: org.springframework.test.context.support.AbstractTestContextBootstrapper.getDefaultTestExecutionListenerClassNames(AbstractTestContextBootstrapper.java:260) ]
INFO:Loaded default TestExecutionListener class names from location [META-INF/spring.factories]: [org.springframework.test.context.web.ServletTestExecutionListener, org.springframework.test.context.support.DirtiesContextBeforeModesTestExecutionListener, org.springframework.test.context.support.DependencyInjectionTestExecutionListener, org.springframework.test.context.support.DirtiesContextTestExecutionListener, org.springframework.test.context.transaction.TransactionalTestExecutionListener, org.springframework.test.context.jdbc.SqlScriptsTestExecutionListener]
2019-07-20 08:26:14 ä¸Šåˆ [Thread: main][ Class:org.springframework.test.context.support.DefaultTestContextBootstrapper >> Method: org.springframework.test.context.support.AbstractTestContextBootstrapper.instantiateListeners(AbstractTestContextBootstrapper.java:209) ]
INFO:Could not instantiate TestExecutionListener [org.springframework.test.context.web.ServletTestExecutionListener]. Specify custom listener classes or make the default listener classes (and their required dependencies) available. Offending class: [javax/servlet/ServletContext]
2019-07-20 08:26:14 ä¸Šåˆ [Thread: main][ Class:org.springframework.test.context.support.DefaultTestContextBootstrapper >> Method: org.springframework.test.context.support.AbstractTestContextBootstrapper.getTestExecutionListeners(AbstractTestContextBootstrapper.java:187) ]
INFO:Using TestExecutionListeners: [org.springframework.test.context.support.DirtiesContextBeforeModesTestExecutionListener@15d9bc04, org.springframework.test.context.support.DependencyInjectionTestExecutionListener@473b46c3, org.springframework.test.context.support.DirtiesContextTestExecutionListener@516be40f, org.springframework.test.context.transaction.TransactionalTestExecutionListener@3c0a50da, org.springframework.test.context.jdbc.SqlScriptsTestExecutionListener@646be2c3]
2019-07-20 08:26:14 ä¸Šåˆ [Thread: main][ Class:org.springframework.beans.factory.xml.XmlBeanDefinitionReader >> Method: org.springframework.beans.factory.xml.XmlBeanDefinitionReader.loadBeanDefinitions(XmlBeanDefinitionReader.java:317) ]
INFO:Loading XML bean definitions from class path resource [applicationContext.xml]
2019-07-20 08:26:14 ä¸Šåˆ [Thread: main][ Class:org.springframework.context.support.GenericApplicationContext >> Method: org.springframework.context.support.AbstractApplicationContext.prepareRefresh(AbstractApplicationContext.java:582) ]
INFO:Refreshing org.springframework.context.support.GenericApplicationContext@6e4784bc: startup date [Sat Jul 20 08:26:14 GMT+08:00 2019]; root of context hierarchy
2019-07-20 08:26:15 ä¸Šåˆ [Thread: main][ Class:com.zaxxer.hikari.HikariDataSource >> Method: com.zaxxer.hikari.HikariDataSource.getConnection(HikariDataSource.java:110) ]
INFO:HikariPool-1 - Starting...
2019-07-20 08:26:16 ä¸Šåˆ [Thread: main][ Class:com.zaxxer.hikari.HikariDataSource >> Method: com.zaxxer.hikari.HikariDataSource.getConnection(HikariDataSource.java:123) ]
INFO:HikariPool-1 - Start completed.
2019-07-20 08:26:16 ä¸Šåˆ [Thread: Thread-1][ Class:org.springframework.context.support.GenericApplicationContext >> Method: org.springframework.context.support.AbstractApplicationContext.doClose(AbstractApplicationContext.java:987) ]
INFO:Closing org.springframework.context.support.GenericApplicationContext@6e4784bc: startup date [Sat Jul 20 08:26:14 GMT+08:00 2019]; root of context hierarchy
2019-07-20 08:26:16 ä¸Šåˆ [Thread: Thread-1][ Class:com.zaxxer.hikari.HikariDataSource >> Method: com.zaxxer.hikari.HikariDataSource.close(HikariDataSource.java:350) ]
INFO:HikariPool-1 - Shutdown initiated...
2019-07-20 08:26:16 ä¸Šåˆ [Thread: Thread-1][ Class:com.zaxxer.hikari.HikariDataSource >> Method: com.zaxxer.hikari.HikariDataSource.close(HikariDataSource.java:352) ]
INFO:HikariPool-1 - Shutdown completed.
2019-07-20 11:09:28 ÉÏÎç [Thread: main][ Class:org.springframework.test.context.support.DefaultTestContextBootstrapper >> Method: org.springframework.test.context.support.AbstractTestContextBootstrapper.getDefaultTestExecutionListenerClassNames(AbstractTestContextBootstrapper.java:260) ]
INFO:Loaded default TestExecutionListener class names from location [META-INF/spring.factories]: [org.springframework.test.context.web.ServletTestExecutionListener, org.springframework.test.context.support.DirtiesContextBeforeModesTestExecutionListener, org.springframework.test.context.support.DependencyInjectionTestExecutionListener, org.springframework.test.context.support.DirtiesContextTestExecutionListener, org.springframework.test.context.transaction.TransactionalTestExecutionListener, org.springframework.test.context.jdbc.SqlScriptsTestExecutionListener]
2019-07-20 11:09:28 ÉÏÎç [Thread: main][ Class:org.springframework.test.context.support.DefaultTestContextBootstrapper >> Method: org.springframework.test.context.support.AbstractTestContextBootstrapper.instantiateListeners(AbstractTestContextBootstrapper.java:209) ]
INFO:Could not instantiate TestExecutionListener [org.springframework.test.context.web.ServletTestExecutionListener]. Specify custom listener classes or make the default listener classes (and their required dependencies) available. Offending class: [javax/servlet/ServletContext]
2019-07-20 11:09:28 ÉÏÎç [Thread: main][ Class:org.springframework.test.context.support.DefaultTestContextBootstrapper >> Method: org.springframework.test.context.support.AbstractTestContextBootstrapper.getTestExecutionListeners(AbstractTestContextBootstrapper.java:187) ]
INFO:Using TestExecutionListeners: [org.springframework.test.context.support.DirtiesContextBeforeModesTestExecutionListener@59494225, org.springframework.test.context.support.DependencyInjectionTestExecutionListener@6e1567f1, org.springframework.test.context.support.DirtiesContextTestExecutionListener@5cb9f472, org.springframework.test.context.transaction.TransactionalTestExecutionListener@cb644e, org.springframework.test.context.jdbc.SqlScriptsTestExecutionListener@13805618]
2019-07-20 11:09:29 ÉÏÎç [Thread: main][ Class:org.springframework.beans.factory.xml.XmlBeanDefinitionReader >> Method: org.springframework.beans.factory.xml.XmlBeanDefinitionReader.loadBeanDefinitions(XmlBeanDefinitionReader.java:317) ]
INFO:Loading XML bean definitions from class path resource [applicationContext.xml]
2019-07-20 11:09:29 ÉÏÎç [Thread: main][ Class:org.springframework.context.support.GenericApplicationContext >> Method: org.springframework.context.support.AbstractApplicationContext.prepareRefresh(AbstractApplicationContext.java:582) ]
INFO:Refreshing org.springframework.context.support.GenericApplicationContext@5b87ed94: startup date [Sat Jul 20 11:09:29 GMT+08:00 2019]; root of context hierarchy
2019-07-20 11:09:29 ÉÏÎç [Thread: main][ Class:com.zaxxer.hikari.HikariDataSource >> Method: com.zaxxer.hikari.HikariDataSource.getConnection(HikariDataSource.java:110) ]
INFO:HikariPool-1 - Starting...
2019-07-20 11:09:29 ÉÏÎç [Thread: main][ Class:com.zaxxer.hikari.HikariDataSource >> Method: com.zaxxer.hikari.HikariDataSource.getConnection(HikariDataSource.java:123) ]
INFO:HikariPool-1 - Start completed.
2019-07-20 11:09:29 ÉÏÎç [Thread: Thread-0][ Class:org.springframework.context.support.GenericApplicationContext >> Method: org.springframework.context.support.AbstractApplicationContext.doClose(AbstractApplicationContext.java:987) ]
INFO:Closing org.springframework.context.support.GenericApplicationContext@5b87ed94: startup date [Sat Jul 20 11:09:29 GMT+08:00 2019]; root of context hierarchy
2019-07-20 11:09:29 ÉÏÎç [Thread: Thread-0][ Class:com.zaxxer.hikari.HikariDataSource >> Method: com.zaxxer.hikari.HikariDataSource.close(HikariDataSource.java:350) ]
INFO:HikariPool-1 - Shutdown initiated...
2019-07-20 11:09:29 ÉÏÎç [Thread: Thread-0][ Class:com.zaxxer.hikari.HikariDataSource >> Method: com.zaxxer.hikari.HikariDataSource.close(HikariDataSource.java:352) ]
INFO:HikariPool-1 - Shutdown completed.
2019-07-20 11:09:30 ä¸Šåˆ [Thread: main][ Class:org.springframework.test.context.support.DefaultTestContextBootstrapper >> Method: org.springframework.test.context.support.AbstractTestContextBootstrapper.getDefaultTestExecutionListenerClassNames(AbstractTestContextBootstrapper.java:260) ]
INFO:Loaded default TestExecutionListener class names from location [META-INF/spring.factories]: [org.springframework.test.context.web.ServletTestExecutionListener, org.springframework.test.context.support.DirtiesContextBeforeModesTestExecutionListener, org.springframework.test.context.support.DependencyInjectionTestExecutionListener, org.springframework.test.context.support.DirtiesContextTestExecutionListener, org.springframework.test.context.transaction.TransactionalTestExecutionListener, org.springframework.test.context.jdbc.SqlScriptsTestExecutionListener]
2019-07-20 11:09:30 ä¸Šåˆ [Thread: main][ Class:org.springframework.test.context.support.DefaultTestContextBootstrapper >> Method: org.springframework.test.context.support.AbstractTestContextBootstrapper.instantiateListeners(AbstractTestContextBootstrapper.java:209) ]
INFO:Could not instantiate TestExecutionListener [org.springframework.test.context.web.ServletTestExecutionListener]. Specify custom listener classes or make the default listener classes (and their required dependencies) available. Offending class: [javax/servlet/ServletContext]
2019-07-20 11:09:30 ä¸Šåˆ [Thread: main][ Class:org.springframework.test.context.support.DefaultTestContextBootstrapper >> Method: org.springframework.test.context.support.AbstractTestContextBootstrapper.getTestExecutionListeners(AbstractTestContextBootstrapper.java:187) ]
INFO:Using TestExecutionListeners: [org.springframework.test.context.support.DirtiesContextBeforeModesTestExecutionListener@4f933fd1, org.springframework.test.context.support.DependencyInjectionTestExecutionListener@548a9f61, org.springframework.test.context.support.DirtiesContextTestExecutionListener@1753acfe, org.springframework.test.context.transaction.TransactionalTestExecutionListener@7c16905e, org.springframework.test.context.jdbc.SqlScriptsTestExecutionListener@2a2d45ba]
2019-07-20 11:09:30 ä¸Šåˆ [Thread: main][ Class:org.springframework.beans.factory.xml.XmlBeanDefinitionReader >> Method: org.springframework.beans.factory.xml.XmlBeanDefinitionReader.loadBeanDefinitions(XmlBeanDefinitionReader.java:317) ]
INFO:Loading XML bean definitions from class path resource [applicationContext.xml]
2019-07-20 11:09:31 ä¸Šåˆ [Thread: main][ Class:org.springframework.context.support.GenericApplicationContext >> Method: org.springframework.context.support.AbstractApplicationContext.prepareRefresh(AbstractApplicationContext.java:582) ]
INFO:Refreshing org.springframework.context.support.GenericApplicationContext@6e1567f1: startup date [Sat Jul 20 11:09:31 GMT+08:00 2019]; root of context hierarchy
2019-07-20 11:09:31 ä¸Šåˆ [Thread: main][ Class:com.zaxxer.hikari.HikariDataSource >> Method: com.zaxxer.hikari.HikariDataSource.getConnection(HikariDataSource.java:110) ]
INFO:HikariPool-1 - Starting...
2019-07-20 11:09:32 ä¸Šåˆ [Thread: main][ Class:com.zaxxer.hikari.HikariDataSource >> Method: com.zaxxer.hikari.HikariDataSource.getConnection(HikariDataSource.java:123) ]
INFO:HikariPool-1 - Start completed.
2019-07-20 11:09:32 ä¸Šåˆ [Thread: Thread-0][ Class:org.springframework.context.support.GenericApplicationContext >> Method: org.springframework.context.support.AbstractApplicationContext.doClose(AbstractApplicationContext.java:987) ]
INFO:Closing org.springframework.context.support.GenericApplicationContext@6e1567f1: startup date [Sat Jul 20 11:09:31 GMT+08:00 2019]; root of context hierarchy
2019-07-20 11:09:32 ä¸Šåˆ [Thread: Thread-0][ Class:com.zaxxer.hikari.HikariDataSource >> Method: com.zaxxer.hikari.HikariDataSource.close(HikariDataSource.java:350) ]
INFO:HikariPool-1 - Shutdown initiated...
2019-07-20 11:09:32 ä¸Šåˆ [Thread: Thread-0][ Class:com.zaxxer.hikari.HikariDataSource >> Method: com.zaxxer.hikari.HikariDataSource.close(HikariDataSource.java:352) ]
INFO:HikariPool-1 - Shutdown completed.
2019-07-20 11:12:24 ÉÏÎç [Thread: main][ Class:org.springframework.test.context.support.DefaultTestContextBootstrapper >> Method: org.springframework.test.context.support.AbstractTestContextBootstrapper.getDefaultTestExecutionListenerClassNames(AbstractTestContextBootstrapper.java:260) ]
INFO:Loaded default TestExecutionListener class names from location [META-INF/spring.factories]: [org.springframework.test.context.web.ServletTestExecutionListener, org.springframework.test.context.support.DirtiesContextBeforeModesTestExecutionListener, org.springframework.test.context.support.DependencyInjectionTestExecutionListener, org.springframework.test.context.support.DirtiesContextTestExecutionListener, org.springframework.test.context.transaction.TransactionalTestExecutionListener, org.springframework.test.context.jdbc.SqlScriptsTestExecutionListener]
2019-07-20 11:12:24 ÉÏÎç [Thread: main][ Class:org.springframework.test.context.support.DefaultTestContextBootstrapper >> Method: org.springframework.test.context.support.AbstractTestContextBootstrapper.instantiateListeners(AbstractTestContextBootstrapper.java:209) ]
INFO:Could not instantiate TestExecutionListener [org.springframework.test.context.web.ServletTestExecutionListener]. Specify custom listener classes or make the default listener classes (and their required dependencies) available. Offending class: [javax/servlet/ServletContext]
2019-07-20 11:12:24 ÉÏÎç [Thread: main][ Class:org.springframework.test.context.support.DefaultTestContextBootstrapper >> Method: org.springframework.test.context.support.AbstractTestContextBootstrapper.getTestExecutionListeners(AbstractTestContextBootstrapper.java:187) ]
INFO:Using TestExecutionListeners: [org.springframework.test.context.support.DirtiesContextBeforeModesTestExecutionListener@59494225, org.springframework.test.context.support.DependencyInjectionTestExecutionListener@6e1567f1, org.springframework.test.context.support.DirtiesContextTestExecutionListener@5cb9f472, org.springframework.test.context.transaction.TransactionalTestExecutionListener@cb644e, org.springframework.test.context.jdbc.SqlScriptsTestExecutionListener@13805618]
2019-07-20 11:12:24 ÉÏÎç [Thread: main][ Class:org.springframework.beans.factory.xml.XmlBeanDefinitionReader >> Method: org.springframework.beans.factory.xml.XmlBeanDefinitionReader.loadBeanDefinitions(XmlBeanDefinitionReader.java:317) ]
INFO:Loading XML bean definitions from class path resource [applicationContext.xml]
2019-07-20 11:12:24 ÉÏÎç [Thread: main][ Class:org.springframework.context.support.GenericApplicationContext >> Method: org.springframework.context.support.AbstractApplicationContext.prepareRefresh(AbstractApplicationContext.java:582) ]
INFO:Refreshing org.springframework.context.support.GenericApplicationContext@5b87ed94: startup date [Sat Jul 20 11:12:24 GMT+08:00 2019]; root of context hierarchy
2019-07-20 11:12:25 ÉÏÎç [Thread: main][ Class:com.zaxxer.hikari.HikariDataSource >> Method: com.zaxxer.hikari.HikariDataSource.getConnection(HikariDataSource.java:110) ]
INFO:HikariPool-1 - Starting...
2019-07-20 11:12:25 ÉÏÎç [Thread: main][ Class:com.zaxxer.hikari.HikariDataSource >> Method: com.zaxxer.hikari.HikariDataSource.getConnection(HikariDataSource.java:123) ]
INFO:HikariPool-1 - Start completed.
2019-07-20 11:12:25 ÉÏÎç [Thread: Thread-0][ Class:org.springframework.context.support.GenericApplicationContext >> Method: org.springframework.context.support.AbstractApplicationContext.doClose(AbstractApplicationContext.java:987) ]
INFO:Closing org.springframework.context.support.GenericApplicationContext@5b87ed94: startup date [Sat Jul 20 11:12:24 GMT+08:00 2019]; root of context hierarchy
2019-07-20 11:12:25 ÉÏÎç [Thread: Thread-0][ Class:com.zaxxer.hikari.HikariDataSource >> Method: com.zaxxer.hikari.HikariDataSource.close(HikariDataSource.java:350) ]
INFO:HikariPool-1 - Shutdown initiated...
2019-07-20 11:12:25 ÉÏÎç [Thread: Thread-0][ Class:com.zaxxer.hikari.HikariDataSource >> Method: com.zaxxer.hikari.HikariDataSource.close(HikariDataSource.java:352) ]
INFO:HikariPool-1 - Shutdown completed.
2019-07-20 11:12:26 ä¸Šåˆ [Thread: main][ Class:org.springframework.test.context.support.DefaultTestContextBootstrapper >> Method: org.springframework.test.context.support.AbstractTestContextBootstrapper.getDefaultTestExecutionListenerClassNames(AbstractTestContextBootstrapper.java:260) ]
INFO:Loaded default TestExecutionListener class names from location [META-INF/spring.factories]: [org.springframework.test.context.web.ServletTestExecutionListener, org.springframework.test.context.support.DirtiesContextBeforeModesTestExecutionListener, org.springframework.test.context.support.DependencyInjectionTestExecutionListener, org.springframework.test.context.support.DirtiesContextTestExecutionListener, org.springframework.test.context.transaction.TransactionalTestExecutionListener, org.springframework.test.context.jdbc.SqlScriptsTestExecutionListener]
2019-07-20 11:12:26 ä¸Šåˆ [Thread: main][ Class:org.springframework.test.context.support.DefaultTestContextBootstrapper >> Method: org.springframework.test.context.support.AbstractTestContextBootstrapper.instantiateListeners(AbstractTestContextBootstrapper.java:209) ]
INFO:Could not instantiate TestExecutionListener [org.springframework.test.context.web.ServletTestExecutionListener]. Specify custom listener classes or make the default listener classes (and their required dependencies) available. Offending class: [javax/servlet/ServletContext]
2019-07-20 11:12:26 ä¸Šåˆ [Thread: main][ Class:org.springframework.test.context.support.DefaultTestContextBootstrapper >> Method: org.springframework.test.context.support.AbstractTestContextBootstrapper.getTestExecutionListeners(AbstractTestContextBootstrapper.java:187) ]
INFO:Using TestExecutionListeners: [org.springframework.test.context.support.DirtiesContextBeforeModesTestExecutionListener@4f933fd1, org.springframework.test.context.support.DependencyInjectionTestExecutionListener@548a9f61, org.springframework.test.context.support.DirtiesContextTestExecutionListener@1753acfe, org.springframework.test.context.transaction.TransactionalTestExecutionListener@7c16905e, org.springframework.test.context.jdbc.SqlScriptsTestExecutionListener@2a2d45ba]
2019-07-20 11:12:26 ä¸Šåˆ [Thread: main][ Class:org.springframework.beans.factory.xml.XmlBeanDefinitionReader >> Method: org.springframework.beans.factory.xml.XmlBeanDefinitionReader.loadBeanDefinitions(XmlBeanDefinitionReader.java:317) ]
INFO:Loading XML bean definitions from class path resource [applicationContext.xml]
2019-07-20 11:12:26 ä¸Šåˆ [Thread: main][ Class:org.springframework.context.support.GenericApplicationContext >> Method: org.springframework.context.support.AbstractApplicationContext.prepareRefresh(AbstractApplicationContext.java:582) ]
INFO:Refreshing org.springframework.context.support.GenericApplicationContext@6e1567f1: startup date [Sat Jul 20 11:12:26 GMT+08:00 2019]; root of context hierarchy
2019-07-20 11:12:27 ä¸Šåˆ [Thread: main][ Class:com.zaxxer.hikari.HikariDataSource >> Method: com.zaxxer.hikari.HikariDataSource.getConnection(HikariDataSource.java:110) ]
INFO:HikariPool-1 - Starting...
2019-07-20 11:12:27 ä¸Šåˆ [Thread: main][ Class:com.zaxxer.hikari.HikariDataSource >> Method: com.zaxxer.hikari.HikariDataSource.getConnection(HikariDataSource.java:123) ]
INFO:HikariPool-1 - Start completed.
2019-07-20 11:12:27 ä¸Šåˆ [Thread: Thread-0][ Class:org.springframework.context.support.GenericApplicationContext >> Method: org.springframework.context.support.AbstractApplicationContext.doClose(AbstractApplicationContext.java:987) ]
INFO:Closing org.springframework.context.support.GenericApplicationContext@6e1567f1: startup date [Sat Jul 20 11:12:26 GMT+08:00 2019]; root of context hierarchy
2019-07-20 11:12:27 ä¸Šåˆ [Thread: Thread-0][ Class:com.zaxxer.hikari.HikariDataSource >> Method: com.zaxxer.hikari.HikariDataSource.close(HikariDataSource.java:350) ]
INFO:HikariPool-1 - Shutdown initiated...
2019-07-20 11:12:27 ä¸Šåˆ [Thread: Thread-0][ Class:com.zaxxer.hikari.HikariDataSource >> Method: com.zaxxer.hikari.HikariDataSource.close(HikariDataSource.java:352) ]
INFO:HikariPool-1 - Shutdown completed.
2019-07-20 11:16:04 ÉÏÎç [Thread: main][ Class:org.springframework.test.context.support.DefaultTestContextBootstrapper >> Method: org.springframework.test.context.support.AbstractTestContextBootstrapper.getDefaultTestExecutionListenerClassNames(AbstractTestContextBootstrapper.java:260) ]
INFO:Loaded default TestExecutionListener class names from location [META-INF/spring.factories]: [org.springframework.test.context.web.ServletTestExecutionListener, org.springframework.test.context.support.DirtiesContextBeforeModesTestExecutionListener, org.springframework.test.context.support.DependencyInjectionTestExecutionListener, org.springframework.test.context.support.DirtiesContextTestExecutionListener, org.springframework.test.context.transaction.TransactionalTestExecutionListener, org.springframework.test.context.jdbc.SqlScriptsTestExecutionListener]
2019-07-20 11:16:04 ÉÏÎç [Thread: main][ Class:org.springframework.test.context.support.DefaultTestContextBootstrapper >> Method: org.springframework.test.context.support.AbstractTestContextBootstrapper.instantiateListeners(AbstractTestContextBootstrapper.java:209) ]
INFO:Could not instantiate TestExecutionListener [org.springframework.test.context.web.ServletTestExecutionListener]. Specify custom listener classes or make the default listener classes (and their required dependencies) available. Offending class: [javax/servlet/ServletContext]
2019-07-20 11:16:04 ÉÏÎç [Thread: main][ Class:org.springframework.test.context.support.DefaultTestContextBootstrapper >> Method: org.springframework.test.context.support.AbstractTestContextBootstrapper.getTestExecutionListeners(AbstractTestContextBootstrapper.java:187) ]
INFO:Using TestExecutionListeners: [org.springframework.test.context.support.DirtiesContextBeforeModesTestExecutionListener@59494225, org.springframework.test.context.support.DependencyInjectionTestExecutionListener@6e1567f1, org.springframework.test.context.support.DirtiesContextTestExecutionListener@5cb9f472, org.springframework.test.context.transaction.TransactionalTestExecutionListener@cb644e, org.springframework.test.context.jdbc.SqlScriptsTestExecutionListener@13805618]
2019-07-20 11:16:04 ÉÏÎç [Thread: main][ Class:org.springframework.beans.factory.xml.XmlBeanDefinitionReader >> Method: org.springframework.beans.factory.xml.XmlBeanDefinitionReader.loadBeanDefinitions(XmlBeanDefinitionReader.java:317) ]
INFO:Loading XML bean definitions from class path resource [applicationContext.xml]
2019-07-20 11:16:04 ÉÏÎç [Thread: main][ Class:org.springframework.context.support.GenericApplicationContext >> Method: org.springframework.context.support.AbstractApplicationContext.prepareRefresh(AbstractApplicationContext.java:582) ]
INFO:Refreshing org.springframework.context.support.GenericApplicationContext@5b87ed94: startup date [Sat Jul 20 11:16:04 GMT+08:00 2019]; root of context hierarchy
2019-07-20 11:16:05 ÉÏÎç [Thread: main][ Class:com.zaxxer.hikari.HikariDataSource >> Method: com.zaxxer.hikari.HikariDataSource.getConnection(HikariDataSource.java:110) ]
INFO:HikariPool-1 - Starting...
2019-07-20 11:16:05 ÉÏÎç [Thread: main][ Class:com.zaxxer.hikari.HikariDataSource >> Method: com.zaxxer.hikari.HikariDataSource.getConnection(HikariDataSource.java:123) ]
INFO:HikariPool-1 - Start completed.
2019-07-20 11:16:05 ÉÏÎç [Thread: Thread-0][ Class:org.springframework.context.support.GenericApplicationContext >> Method: org.springframework.context.support.AbstractApplicationContext.doClose(AbstractApplicationContext.java:987) ]
INFO:Closing org.springframework.context.support.GenericApplicationContext@5b87ed94: startup date [Sat Jul 20 11:16:04 GMT+08:00 2019]; root of context hierarchy
2019-07-20 11:16:05 ÉÏÎç [Thread: Thread-0][ Class:com.zaxxer.hikari.HikariDataSource >> Method: com.zaxxer.hikari.HikariDataSource.close(HikariDataSource.java:350) ]
INFO:HikariPool-1 - Shutdown initiated...
2019-07-20 11:16:05 ÉÏÎç [Thread: Thread-0][ Class:com.zaxxer.hikari.HikariDataSource >> Method: com.zaxxer.hikari.HikariDataSource.close(HikariDataSource.java:352) ]
INFO:HikariPool-1 - Shutdown completed.
2019-07-20 11:16:06 ä¸Šåˆ [Thread: main][ Class:org.springframework.test.context.support.DefaultTestContextBootstrapper >> Method: org.springframework.test.context.support.AbstractTestContextBootstrapper.getDefaultTestExecutionListenerClassNames(AbstractTestContextBootstrapper.java:260) ]
INFO:Loaded default TestExecutionListener class names from location [META-INF/spring.factories]: [org.springframework.test.context.web.ServletTestExecutionListener, org.springframework.test.context.support.DirtiesContextBeforeModesTestExecutionListener, org.springframework.test.context.support.DependencyInjectionTestExecutionListener, org.springframework.test.context.support.DirtiesContextTestExecutionListener, org.springframework.test.context.transaction.TransactionalTestExecutionListener, org.springframework.test.context.jdbc.SqlScriptsTestExecutionListener]
2019-07-20 11:16:06 ä¸Šåˆ [Thread: main][ Class:org.springframework.test.context.support.DefaultTestContextBootstrapper >> Method: org.springframework.test.context.support.AbstractTestContextBootstrapper.instantiateListeners(AbstractTestContextBootstrapper.java:209) ]
INFO:Could not instantiate TestExecutionListener [org.springframework.test.context.web.ServletTestExecutionListener]. Specify custom listener classes or make the default listener classes (and their required dependencies) available. Offending class: [javax/servlet/ServletContext]
2019-07-20 11:16:06 ä¸Šåˆ [Thread: main][ Class:org.springframework.test.context.support.DefaultTestContextBootstrapper >> Method: org.springframework.test.context.support.AbstractTestContextBootstrapper.getTestExecutionListeners(AbstractTestContextBootstrapper.java:187) ]
INFO:Using TestExecutionListeners: [org.springframework.test.context.support.DirtiesContextBeforeModesTestExecutionListener@4f933fd1, org.springframework.test.context.support.DependencyInjectionTestExecutionListener@548a9f61, org.springframework.test.context.support.DirtiesContextTestExecutionListener@1753acfe, org.springframework.test.context.transaction.TransactionalTestExecutionListener@7c16905e, org.springframework.test.context.jdbc.SqlScriptsTestExecutionListener@2a2d45ba]
2019-07-20 11:16:06 ä¸Šåˆ [Thread: main][ Class:org.springframework.beans.factory.xml.XmlBeanDefinitionReader >> Method: org.springframework.beans.factory.xml.XmlBeanDefinitionReader.loadBeanDefinitions(XmlBeanDefinitionReader.java:317) ]
INFO:Loading XML bean definitions from class path resource [applicationContext.xml]
2019-07-20 11:16:06 ä¸Šåˆ [Thread: main][ Class:org.springframework.context.support.GenericApplicationContext >> Method: org.springframework.context.support.AbstractApplicationContext.prepareRefresh(AbstractApplicationContext.java:582) ]
INFO:Refreshing org.springframework.context.support.GenericApplicationContext@6e1567f1: startup date [Sat Jul 20 11:16:06 GMT+08:00 2019]; root of context hierarchy
2019-07-20 11:16:07 ä¸Šåˆ [Thread: main][ Class:com.zaxxer.hikari.HikariDataSource >> Method: com.zaxxer.hikari.HikariDataSource.getConnection(HikariDataSource.java:110) ]
INFO:HikariPool-1 - Starting...
2019-07-20 11:16:07 ä¸Šåˆ [Thread: main][ Class:com.zaxxer.hikari.HikariDataSource >> Method: com.zaxxer.hikari.HikariDataSource.getConnection(HikariDataSource.java:123) ]
INFO:HikariPool-1 - Start completed.
2019-07-20 11:16:07 ä¸Šåˆ [Thread: Thread-0][ Class:org.springframework.context.support.GenericApplicationContext >> Method: org.springframework.context.support.AbstractApplicationContext.doClose(AbstractApplicationContext.java:987) ]
INFO:Closing org.springframework.context.support.GenericApplicationContext@6e1567f1: startup date [Sat Jul 20 11:16:06 GMT+08:00 2019]; root of context hierarchy
2019-07-20 11:16:07 ä¸Šåˆ [Thread: Thread-0][ Class:com.zaxxer.hikari.HikariDataSource >> Method: com.zaxxer.hikari.HikariDataSource.close(HikariDataSource.java:350) ]
INFO:HikariPool-1 - Shutdown initiated...
2019-07-20 11:16:07 ä¸Šåˆ [Thread: Thread-0][ Class:com.zaxxer.hikari.HikariDataSource >> Method: com.zaxxer.hikari.HikariDataSource.close(HikariDataSource.java:352) ]
INFO:HikariPool-1 - Shutdown completed.
2019-07-20 11:22:28 ÉÏÎç [Thread: main][ Class:org.springframework.test.context.support.DefaultTestContextBootstrapper >> Method: org.springframework.test.context.support.AbstractTestContextBootstrapper.getDefaultTestExecutionListenerClassNames(AbstractTestContextBootstrapper.java:260) ]
INFO:Loaded default TestExecutionListener class names from location [META-INF/spring.factories]: [org.springframework.test.context.web.ServletTestExecutionListener, org.springframework.test.context.support.DirtiesContextBeforeModesTestExecutionListener, org.springframework.test.context.support.DependencyInjectionTestExecutionListener, org.springframework.test.context.support.DirtiesContextTestExecutionListener, org.springframework.test.context.transaction.TransactionalTestExecutionListener, org.springframework.test.context.jdbc.SqlScriptsTestExecutionListener]
2019-07-20 11:22:28 ÉÏÎç [Thread: main][ Class:org.springframework.test.context.support.DefaultTestContextBootstrapper >> Method: org.springframework.test.context.support.AbstractTestContextBootstrapper.instantiateListeners(AbstractTestContextBootstrapper.java:209) ]
INFO:Could not instantiate TestExecutionListener [org.springframework.test.context.web.ServletTestExecutionListener]. Specify custom listener classes or make the default listener classes (and their required dependencies) available. Offending class: [javax/servlet/ServletContext]
2019-07-20 11:22:28 ÉÏÎç [Thread: main][ Class:org.springframework.test.context.support.DefaultTestContextBootstrapper >> Method: org.springframework.test.context.support.AbstractTestContextBootstrapper.getTestExecutionListeners(AbstractTestContextBootstrapper.java:187) ]
INFO:Using TestExecutionListeners: [org.springframework.test.context.support.DirtiesContextBeforeModesTestExecutionListener@5cb9f472, org.springframework.test.context.support.DependencyInjectionTestExecutionListener@cb644e, org.springframework.test.context.support.DirtiesContextTestExecutionListener@13805618, org.springframework.test.context.transaction.TransactionalTestExecutionListener@56ef9176, org.springframework.test.context.jdbc.SqlScriptsTestExecutionListener@4566e5bd]
2019-07-20 11:22:28 ÉÏÎç [Thread: main][ Class:org.springframework.beans.factory.xml.XmlBeanDefinitionReader >> Method: org.springframework.beans.factory.xml.XmlBeanDefinitionReader.loadBeanDefinitions(XmlBeanDefinitionReader.java:317) ]
INFO:Loading XML bean definitions from class path resource [applicationContext.xml]
2019-07-20 11:22:29 ÉÏÎç [Thread: main][ Class:org.springframework.context.support.GenericApplicationContext >> Method: org.springframework.context.support.AbstractApplicationContext.prepareRefresh(AbstractApplicationContext.java:582) ]
INFO:Refreshing org.springframework.context.support.GenericApplicationContext@5bc79255: startup date [Sat Jul 20 11:22:29 GMT+08:00 2019]; root of context hierarchy
2019-07-20 11:22:30 ÉÏÎç [Thread: Thread-0][ Class:org.springframework.context.support.GenericApplicationContext >> Method: org.springframework.context.support.AbstractApplicationContext.doClose(AbstractApplicationContext.java:987) ]
INFO:Closing org.springframework.context.support.GenericApplicationContext@5bc79255: startup date [Sat Jul 20 11:22:29 GMT+08:00 2019]; root of context hierarchy
2019-07-20 11:22:30 ÉÏÎç [Thread: Thread-0][ Class:com.zaxxer.hikari.pool.HikariPool >> Method: com.zaxxer.hikari.pool.HikariPool.shutdown(HikariPool.java:232) ]
INFO:HikariCP pool HikariPool-0 is being shutdown.
2019-07-20 11:22:31 ä¸Šåˆ [Thread: main][ Class:org.springframework.test.context.support.DefaultTestContextBootstrapper >> Method: org.springframework.test.context.support.AbstractTestContextBootstrapper.getDefaultTestExecutionListenerClassNames(AbstractTestContextBootstrapper.java:260) ]
INFO:Loaded default TestExecutionListener class names from location [META-INF/spring.factories]: [org.springframework.test.context.web.ServletTestExecutionListener, org.springframework.test.context.support.DirtiesContextBeforeModesTestExecutionListener, org.springframework.test.context.support.DependencyInjectionTestExecutionListener, org.springframework.test.context.support.DirtiesContextTestExecutionListener, org.springframework.test.context.transaction.TransactionalTestExecutionListener, org.springframework.test.context.jdbc.SqlScriptsTestExecutionListener]
2019-07-20 11:22:31 ä¸Šåˆ [Thread: main][ Class:org.springframework.test.context.support.DefaultTestContextBootstrapper >> Method: org.springframework.test.context.support.AbstractTestContextBootstrapper.instantiateListeners(AbstractTestContextBootstrapper.java:209) ]
INFO:Could not instantiate TestExecutionListener [org.springframework.test.context.web.ServletTestExecutionListener]. Specify custom listener classes or make the default listener classes (and their required dependencies) available. Offending class: [javax/servlet/ServletContext]
2019-07-20 11:22:31 ä¸Šåˆ [Thread: main][ Class:org.springframework.test.context.support.DefaultTestContextBootstrapper >> Method: org.springframework.test.context.support.AbstractTestContextBootstrapper.getTestExecutionListeners(AbstractTestContextBootstrapper.java:187) ]
INFO:Using TestExecutionListeners: [org.springframework.test.context.support.DirtiesContextBeforeModesTestExecutionListener@39aeed2f, org.springframework.test.context.support.DependencyInjectionTestExecutionListener@724af044, org.springframework.test.context.support.DirtiesContextTestExecutionListener@4678c730, org.springframework.test.context.transaction.TransactionalTestExecutionListener@6767c1fc, org.springframework.test.context.jdbc.SqlScriptsTestExecutionListener@29ee9faa]
2019-07-20 11:22:31 ä¸Šåˆ [Thread: main][ Class:org.springframework.beans.factory.xml.XmlBeanDefinitionReader >> Method: org.springframework.beans.factory.xml.XmlBeanDefinitionReader.loadBeanDefinitions(XmlBeanDefinitionReader.java:317) ]
INFO:Loading XML bean definitions from class path resource [applicationContext.xml]
2019-07-20 11:22:31 ä¸Šåˆ [Thread: main][ Class:org.springframework.context.support.GenericApplicationContext >> Method: org.springframework.context.support.AbstractApplicationContext.prepareRefresh(AbstractApplicationContext.java:582) ]
INFO:Refreshing org.springframework.context.support.GenericApplicationContext@5649fd9b: startup date [Sat Jul 20 11:22:31 GMT+08:00 2019]; root of context hierarchy
2019-07-20 11:22:31 ä¸Šåˆ [Thread: main][ Class:com.zaxxer.hikari.HikariDataSource >> Method: com.zaxxer.hikari.HikariDataSource.getConnection(HikariDataSource.java:110) ]
INFO:HikariPool-1 - Starting...
2019-07-20 11:22:32 ä¸Šåˆ [Thread: main][ Class:com.zaxxer.hikari.HikariDataSource >> Method: com.zaxxer.hikari.HikariDataSource.getConnection(HikariDataSource.java:123) ]
INFO:HikariPool-1 - Start completed.
2019-07-20 11:22:32 ä¸Šåˆ [Thread: Thread-0][ Class:org.springframework.context.support.GenericApplicationContext >> Method: org.springframework.context.support.AbstractApplicationContext.doClose(AbstractApplicationContext.java:987) ]
INFO:Closing org.springframework.context.support.GenericApplicationContext@5649fd9b: startup date [Sat Jul 20 11:22:31 GMT+08:00 2019]; root of context hierarchy
2019-07-20 11:22:32 ä¸Šåˆ [Thread: Thread-0][ Class:com.zaxxer.hikari.HikariDataSource >> Method: com.zaxxer.hikari.HikariDataSource.close(HikariDataSource.java:350) ]
INFO:HikariPool-1 - Shutdown initiated...
2019-07-20 11:22:32 ä¸Šåˆ [Thread: Thread-0][ Class:com.zaxxer.hikari.HikariDataSource >> Method: com.zaxxer.hikari.HikariDataSource.close(HikariDataSource.java:352) ]
INFO:HikariPool-1 - Shutdown completed.
2019-07-20 11:28:09 ÉÏÎç [Thread: main][ Class:org.springframework.test.context.support.DefaultTestContextBootstrapper >> Method: org.springframework.test.context.support.AbstractTestContextBootstrapper.getDefaultTestExecutionListenerClassNames(AbstractTestContextBootstrapper.java:260) ]
INFO:Loaded default TestExecutionListener class names from location [META-INF/spring.factories]: [org.springframework.test.context.web.ServletTestExecutionListener, org.springframework.test.context.support.DirtiesContextBeforeModesTestExecutionListener, org.springframework.test.context.support.DependencyInjectionTestExecutionListener, org.springframework.test.context.support.DirtiesContextTestExecutionListener, org.springframework.test.context.transaction.TransactionalTestExecutionListener, org.springframework.test.context.jdbc.SqlScriptsTestExecutionListener]
2019-07-20 11:28:09 ÉÏÎç [Thread: main][ Class:org.springframework.test.context.support.DefaultTestContextBootstrapper >> Method: org.springframework.test.context.support.AbstractTestContextBootstrapper.instantiateListeners(AbstractTestContextBootstrapper.java:209) ]
INFO:Could not instantiate TestExecutionListener [org.springframework.test.context.web.ServletTestExecutionListener]. Specify custom listener classes or make the default listener classes (and their required dependencies) available. Offending class: [javax/servlet/ServletContext]
2019-07-20 11:28:09 ÉÏÎç [Thread: main][ Class:org.springframework.test.context.support.DefaultTestContextBootstrapper >> Method: org.springframework.test.context.support.AbstractTestContextBootstrapper.getTestExecutionListeners(AbstractTestContextBootstrapper.java:187) ]
INFO:Using TestExecutionListeners: [org.springframework.test.context.support.DirtiesContextBeforeModesTestExecutionListener@5cb9f472, org.springframework.test.context.support.DependencyInjectionTestExecutionListener@cb644e, org.springframework.test.context.support.DirtiesContextTestExecutionListener@13805618, org.springframework.test.context.transaction.TransactionalTestExecutionListener@56ef9176, org.springframework.test.context.jdbc.SqlScriptsTestExecutionListener@4566e5bd]
2019-07-20 11:28:09 ÉÏÎç [Thread: main][ Class:org.springframework.beans.factory.xml.XmlBeanDefinitionReader >> Method: org.springframework.beans.factory.xml.XmlBeanDefinitionReader.loadBeanDefinitions(XmlBeanDefinitionReader.java:317) ]
INFO:Loading XML bean definitions from class path resource [applicationContext.xml]
2019-07-20 11:28:09 ÉÏÎç [Thread: main][ Class:org.springframework.context.support.GenericApplicationContext >> Method: org.springframework.context.support.AbstractApplicationContext.prepareRefresh(AbstractApplicationContext.java:582) ]
INFO:Refreshing org.springframework.context.support.GenericApplicationContext@5bc79255: startup date [Sat Jul 20 11:28:09 GMT+08:00 2019]; root of context hierarchy
2019-07-20 11:28:10 ÉÏÎç [Thread: Thread-0][ Class:org.springframework.context.support.GenericApplicationContext >> Method: org.springframework.context.support.AbstractApplicationContext.doClose(AbstractApplicationContext.java:987) ]
INFO:Closing org.springframework.context.support.GenericApplicationContext@5bc79255: startup date [Sat Jul 20 11:28:09 GMT+08:00 2019]; root of context hierarchy
2019-07-20 11:28:10 ÉÏÎç [Thread: Thread-0][ Class:com.zaxxer.hikari.pool.HikariPool >> Method: com.zaxxer.hikari.pool.HikariPool.shutdown(HikariPool.java:232) ]
INFO:HikariCP pool HikariPool-0 is being shutdown.
2019-07-20 11:28:11 ä¸Šåˆ [Thread: main][ Class:org.springframework.test.context.support.DefaultTestContextBootstrapper >> Method: org.springframework.test.context.support.AbstractTestContextBootstrapper.getDefaultTestExecutionListenerClassNames(AbstractTestContextBootstrapper.java:260) ]
INFO:Loaded default TestExecutionListener class names from location [META-INF/spring.factories]: [org.springframework.test.context.web.ServletTestExecutionListener, org.springframework.test.context.support.DirtiesContextBeforeModesTestExecutionListener, org.springframework.test.context.support.DependencyInjectionTestExecutionListener, org.springframework.test.context.support.DirtiesContextTestExecutionListener, org.springframework.test.context.transaction.TransactionalTestExecutionListener, org.springframework.test.context.jdbc.SqlScriptsTestExecutionListener]
2019-07-20 11:28:11 ä¸Šåˆ [Thread: main][ Class:org.springframework.test.context.support.DefaultTestContextBootstrapper >> Method: org.springframework.test.context.support.AbstractTestContextBootstrapper.instantiateListeners(AbstractTestContextBootstrapper.java:209) ]
INFO:Could not instantiate TestExecutionListener [org.springframework.test.context.web.ServletTestExecutionListener]. Specify custom listener classes or make the default listener classes (and their required dependencies) available. Offending class: [javax/servlet/ServletContext]
2019-07-20 11:28:11 ä¸Šåˆ [Thread: main][ Class:org.springframework.test.context.support.DefaultTestContextBootstrapper >> Method: org.springframework.test.context.support.AbstractTestContextBootstrapper.getTestExecutionListeners(AbstractTestContextBootstrapper.java:187) ]
INFO:Using TestExecutionListeners: [org.springframework.test.context.support.DirtiesContextBeforeModesTestExecutionListener@39aeed2f, org.springframework.test.context.support.DependencyInjectionTestExecutionListener@724af044, org.springframework.test.context.support.DirtiesContextTestExecutionListener@4678c730, org.springframework.test.context.transaction.TransactionalTestExecutionListener@6767c1fc, org.springframework.test.context.jdbc.SqlScriptsTestExecutionListener@29ee9faa]
2019-07-20 11:28:11 ä¸Šåˆ [Thread: main][ Class:org.springframework.beans.factory.xml.XmlBeanDefinitionReader >> Method: org.springframework.beans.factory.xml.XmlBeanDefinitionReader.loadBeanDefinitions(XmlBeanDefinitionReader.java:317) ]
INFO:Loading XML bean definitions from class path resource [applicationContext.xml]
2019-07-20 11:28:11 ä¸Šåˆ [Thread: main][ Class:org.springframework.context.support.GenericApplicationContext >> Method: org.springframework.context.support.AbstractApplicationContext.prepareRefresh(AbstractApplicationContext.java:582) ]
INFO:Refreshing org.springframework.context.support.GenericApplicationContext@5649fd9b: startup date [Sat Jul 20 11:28:11 GMT+08:00 2019]; root of context hierarchy
2019-07-20 11:28:12 ä¸Šåˆ [Thread: main][ Class:com.zaxxer.hikari.HikariDataSource >> Method: com.zaxxer.hikari.HikariDataSource.getConnection(HikariDataSource.java:110) ]
INFO:HikariPool-1 - Starting...
2019-07-20 11:28:12 ä¸Šåˆ [Thread: main][ Class:com.zaxxer.hikari.HikariDataSource >> Method: com.zaxxer.hikari.HikariDataSource.getConnection(HikariDataSource.java:123) ]
INFO:HikariPool-1 - Start completed.
2019-07-20 11:28:12 ä¸Šåˆ [Thread: Thread-0][ Class:org.springframework.context.support.GenericApplicationContext >> Method: org.springframework.context.support.AbstractApplicationContext.doClose(AbstractApplicationContext.java:987) ]
INFO:Closing org.springframework.context.support.GenericApplicationContext@5649fd9b: startup date [Sat Jul 20 11:28:11 GMT+08:00 2019]; root of context hierarchy
2019-07-20 11:28:12 ä¸Šåˆ [Thread: Thread-0][ Class:com.zaxxer.hikari.HikariDataSource >> Method: com.zaxxer.hikari.HikariDataSource.close(HikariDataSource.java:350) ]
INFO:HikariPool-1 - Shutdown initiated...
2019-07-20 11:28:12 ä¸Šåˆ [Thread: Thread-0][ Class:com.zaxxer.hikari.HikariDataSource >> Method: com.zaxxer.hikari.HikariDataSource.close(HikariDataSource.java:352) ]
INFO:HikariPool-1 - Shutdown completed.
