DEBUG main org.apache.ibatis.logging.LogFactory - Logging initialized using 'class org.apache.ibatis.logging.slf4j.Slf4jImpl' adapter.
DEBUG main org.apache.ibatis.datasource.pooled.PooledDataSource - PooledDataSource forcefully closed/removed all connections.
DEBUG main org.apache.ibatis.datasource.pooled.PooledDataSource - PooledDataSource forcefully closed/removed all connections.
DEBUG main org.apache.ibatis.datasource.pooled.PooledDataSource - PooledDataSource forcefully closed/removed all connections.
DEBUG main org.apache.ibatis.datasource.pooled.PooledDataSource - PooledDataSource forcefully closed/removed all connections.
DEBUG main org.apache.ibatis.transaction.jdbc.JdbcTransaction - Opening JDBC Connection
DEBUG main org.apache.ibatis.datasource.pooled.PooledDataSource - Created connection 1765250898.
DEBUG main org.apache.ibatis.transaction.jdbc.JdbcTransaction - Setting autocommit to false on JDBC Connection [com.mysql.jdbc.JDBC4Connection@69379752]
DEBUG main day04_lazyload.mapper.OrdersExt3Mapper.findOrdersExt - ==>  Preparing: SELECT * from orders o,user u,orderdetail od where o.user_id = u.id and od.orders_id = o.id and o.id = ? 
DEBUG main day04_lazyload.mapper.OrdersExt3Mapper.findOrdersExt - ==> Parameters: 3(Integer)
DEBUG main day04_lazyload.mapper.OrdersExt3Mapper.findOrdersExt - <==      Total: 2
DEBUG main org.apache.ibatis.transaction.jdbc.JdbcTransaction - Resetting autocommit to true on JDBC Connection [com.mysql.jdbc.JDBC4Connection@69379752]
DEBUG main org.apache.ibatis.transaction.jdbc.JdbcTransaction - Closing JDBC Connection [com.mysql.jdbc.JDBC4Connection@69379752]
DEBUG main org.apache.ibatis.datasource.pooled.PooledDataSource - Returned connection 1765250898 to pool.
DEBUG main org.apache.ibatis.logging.LogFactory - Logging initialized using 'class org.apache.ibatis.logging.slf4j.Slf4jImpl' adapter.
DEBUG main org.apache.ibatis.datasource.pooled.PooledDataSource - PooledDataSource forcefully closed/removed all connections.
DEBUG main org.apache.ibatis.datasource.pooled.PooledDataSource - PooledDataSource forcefully closed/removed all connections.
DEBUG main org.apache.ibatis.datasource.pooled.PooledDataSource - PooledDataSource forcefully closed/removed all connections.
DEBUG main org.apache.ibatis.datasource.pooled.PooledDataSource - PooledDataSource forcefully closed/removed all connections.
DEBUG main org.apache.ibatis.transaction.jdbc.JdbcTransaction - Opening JDBC Connection
DEBUG main org.apache.ibatis.datasource.pooled.PooledDataSource - Created connection 829149076.
DEBUG main org.apache.ibatis.transaction.jdbc.JdbcTransaction - Setting autocommit to false on JDBC Connection [com.mysql.jdbc.JDBC4Connection@316bcf94]
DEBUG main day04_lazyload.mapper.OrdersExt3Mapper.findOrdersExt - ==>  Preparing: SELECT * from orders o,user u,orderdetail od where o.user_id = u.id and od.orders_id = o.id and o.id = ? 
DEBUG main day04_lazyload.mapper.OrdersExt3Mapper.findOrdersExt - ==> Parameters: 3(Integer)
DEBUG main day04_lazyload.mapper.OrdersExt3Mapper.findOrdersExt - <==      Total: 2
DEBUG main org.apache.ibatis.transaction.jdbc.JdbcTransaction - Resetting autocommit to true on JDBC Connection [com.mysql.jdbc.JDBC4Connection@316bcf94]
DEBUG main org.apache.ibatis.transaction.jdbc.JdbcTransaction - Closing JDBC Connection [com.mysql.jdbc.JDBC4Connection@316bcf94]
DEBUG main org.apache.ibatis.datasource.pooled.PooledDataSource - Returned connection 829149076 to pool.
DEBUG main org.apache.ibatis.logging.LogFactory - Logging initialized using 'class org.apache.ibatis.logging.slf4j.Slf4jImpl' adapter.
DEBUG main org.apache.ibatis.datasource.pooled.PooledDataSource - PooledDataSource forcefully closed/removed all connections.
DEBUG main org.apache.ibatis.datasource.pooled.PooledDataSource - PooledDataSource forcefully closed/removed all connections.
DEBUG main org.apache.ibatis.datasource.pooled.PooledDataSource - PooledDataSource forcefully closed/removed all connections.
DEBUG main org.apache.ibatis.datasource.pooled.PooledDataSource - PooledDataSource forcefully closed/removed all connections.
DEBUG main org.apache.ibatis.transaction.jdbc.JdbcTransaction - Opening JDBC Connection
DEBUG main org.apache.ibatis.datasource.pooled.PooledDataSource - Created connection 494586676.
DEBUG main org.apache.ibatis.transaction.jdbc.JdbcTransaction - Setting autocommit to false on JDBC Connection [com.mysql.jdbc.JDBC4Connection@1d7acb34]
DEBUG main day04_lazyload.mapper.OrdersExt3Mapper.findOrdersExt - ==>  Preparing: SELECT * from orders o,user u,orderdetail od where o.user_id = u.id and od.orders_id = o.id and o.id = ? 
DEBUG main day04_lazyload.mapper.OrdersExt3Mapper.findOrdersExt - ==> Parameters: 3(Integer)
DEBUG main day04_lazyload.mapper.OrdersExt3Mapper.findOrdersExt - <==      Total: 2
DEBUG main org.apache.ibatis.transaction.jdbc.JdbcTransaction - Resetting autocommit to true on JDBC Connection [com.mysql.jdbc.JDBC4Connection@1d7acb34]
DEBUG main org.apache.ibatis.transaction.jdbc.JdbcTransaction - Closing JDBC Connection [com.mysql.jdbc.JDBC4Connection@1d7acb34]
DEBUG main org.apache.ibatis.datasource.pooled.PooledDataSource - Returned connection 494586676 to pool.
DEBUG main org.apache.ibatis.logging.LogFactory - Logging initialized using 'class org.apache.ibatis.logging.slf4j.Slf4jImpl' adapter.
DEBUG main org.apache.ibatis.datasource.pooled.PooledDataSource - PooledDataSource forcefully closed/removed all connections.
DEBUG main org.apache.ibatis.datasource.pooled.PooledDataSource - PooledDataSource forcefully closed/removed all connections.
DEBUG main org.apache.ibatis.datasource.pooled.PooledDataSource - PooledDataSource forcefully closed/removed all connections.
DEBUG main org.apache.ibatis.datasource.pooled.PooledDataSource - PooledDataSource forcefully closed/removed all connections.
DEBUG main org.apache.ibatis.transaction.jdbc.JdbcTransaction - Opening JDBC Connection
DEBUG main org.apache.ibatis.datasource.pooled.PooledDataSource - Created connection 494586676.
DEBUG main org.apache.ibatis.transaction.jdbc.JdbcTransaction - Setting autocommit to false on JDBC Connection [com.mysql.jdbc.JDBC4Connection@1d7acb34]
DEBUG main day04_lazyload.mapper.OrdersExt3Mapper.findOrdersExt - ==>  Preparing: SELECT o.id AS order_id, o.user_id, o.number, o.createtime, o.note, u.id AS uid, u.username, u.address, u.birthday, u.sex, od.id AS orderdetail_id, od.orders_id, od.items_id, od.items_num from orders o,user u,orderdetail od where o.user_id = u.id and od.orders_id = o.id and o.id = ? 
DEBUG main day04_lazyload.mapper.OrdersExt3Mapper.findOrdersExt - ==> Parameters: 3(Integer)
DEBUG main day04_lazyload.mapper.OrdersExt3Mapper.findOrdersExt - <==      Total: 2
DEBUG main org.apache.ibatis.transaction.jdbc.JdbcTransaction - Resetting autocommit to true on JDBC Connection [com.mysql.jdbc.JDBC4Connection@1d7acb34]
DEBUG main org.apache.ibatis.transaction.jdbc.JdbcTransaction - Closing JDBC Connection [com.mysql.jdbc.JDBC4Connection@1d7acb34]
DEBUG main org.apache.ibatis.datasource.pooled.PooledDataSource - Returned connection 494586676 to pool.
DEBUG main org.apache.ibatis.logging.LogFactory - Logging initialized using 'class org.apache.ibatis.logging.slf4j.Slf4jImpl' adapter.
DEBUG main org.apache.ibatis.datasource.pooled.PooledDataSource - PooledDataSource forcefully closed/removed all connections.
DEBUG main org.apache.ibatis.datasource.pooled.PooledDataSource - PooledDataSource forcefully closed/removed all connections.
DEBUG main org.apache.ibatis.datasource.pooled.PooledDataSource - PooledDataSource forcefully closed/removed all connections.
DEBUG main org.apache.ibatis.datasource.pooled.PooledDataSource - PooledDataSource forcefully closed/removed all connections.
DEBUG main org.apache.ibatis.transaction.jdbc.JdbcTransaction - Opening JDBC Connection
DEBUG main org.apache.ibatis.datasource.pooled.PooledDataSource - Created connection 494586676.
DEBUG main org.apache.ibatis.transaction.jdbc.JdbcTransaction - Setting autocommit to false on JDBC Connection [com.mysql.jdbc.JDBC4Connection@1d7acb34]
DEBUG main day04_lazyload.mapper.OrdersExt3Mapper.findOrdersExt - ==>  Preparing: SELECT o.id AS order_id, o.user_id, o.number, o.createtime, o.note, u.id AS uid, u.username, u.address, u.birthday, u.sex, od.id AS orderdetail_id, od.orders_id, od.items_id, od.items_num from orders o,user u,orderdetail od where o.user_id = u.id and od.orders_id = o.id and o.id = ? 
DEBUG main day04_lazyload.mapper.OrdersExt3Mapper.findOrdersExt - ==> Parameters: 3(Integer)
DEBUG main day04_lazyload.mapper.OrdersExt3Mapper.findOrdersExt - <==      Total: 2
DEBUG main org.apache.ibatis.transaction.jdbc.JdbcTransaction - Resetting autocommit to true on JDBC Connection [com.mysql.jdbc.JDBC4Connection@1d7acb34]
DEBUG main org.apache.ibatis.transaction.jdbc.JdbcTransaction - Closing JDBC Connection [com.mysql.jdbc.JDBC4Connection@1d7acb34]
DEBUG main org.apache.ibatis.datasource.pooled.PooledDataSource - Returned connection 494586676 to pool.
DEBUG main org.apache.ibatis.logging.LogFactory - Logging initialized using 'class org.apache.ibatis.logging.slf4j.Slf4jImpl' adapter.
DEBUG main org.apache.ibatis.datasource.pooled.PooledDataSource - PooledDataSource forcefully closed/removed all connections.
DEBUG main org.apache.ibatis.datasource.pooled.PooledDataSource - PooledDataSource forcefully closed/removed all connections.
DEBUG main org.apache.ibatis.datasource.pooled.PooledDataSource - PooledDataSource forcefully closed/removed all connections.
DEBUG main org.apache.ibatis.datasource.pooled.PooledDataSource - PooledDataSource forcefully closed/removed all connections.
DEBUG main org.apache.ibatis.transaction.jdbc.JdbcTransaction - Opening JDBC Connection
DEBUG main org.apache.ibatis.datasource.pooled.PooledDataSource - Created connection 494586676.
DEBUG main org.apache.ibatis.transaction.jdbc.JdbcTransaction - Setting autocommit to false on JDBC Connection [com.mysql.jdbc.JDBC4Connection@1d7acb34]
DEBUG main day04_lazyload.mapper.OrdersExt3Mapper.findOrdersExt - ==>  Preparing: SELECT * from orders o,user u,orderdetail od where o.user_id = u.id and od.orders_id = o.id and o.id = ? 
DEBUG main day04_lazyload.mapper.OrdersExt3Mapper.findOrdersExt - ==> Parameters: 3(Integer)
DEBUG main day04_lazyload.mapper.OrdersExt3Mapper.findOrdersExt - <==      Total: 2
DEBUG main org.apache.ibatis.transaction.jdbc.JdbcTransaction - Resetting autocommit to true on JDBC Connection [com.mysql.jdbc.JDBC4Connection@1d7acb34]
DEBUG main org.apache.ibatis.transaction.jdbc.JdbcTransaction - Closing JDBC Connection [com.mysql.jdbc.JDBC4Connection@1d7acb34]
DEBUG main org.apache.ibatis.datasource.pooled.PooledDataSource - Returned connection 494586676 to pool.
DEBUG main org.apache.ibatis.logging.LogFactory - Logging initialized using 'class org.apache.ibatis.logging.slf4j.Slf4jImpl' adapter.
DEBUG main org.apache.ibatis.datasource.pooled.PooledDataSource - PooledDataSource forcefully closed/removed all connections.
DEBUG main org.apache.ibatis.datasource.pooled.PooledDataSource - PooledDataSource forcefully closed/removed all connections.
DEBUG main org.apache.ibatis.datasource.pooled.PooledDataSource - PooledDataSource forcefully closed/removed all connections.
DEBUG main org.apache.ibatis.datasource.pooled.PooledDataSource - PooledDataSource forcefully closed/removed all connections.
DEBUG main org.apache.ibatis.transaction.jdbc.JdbcTransaction - Opening JDBC Connection
DEBUG main org.apache.ibatis.datasource.pooled.PooledDataSource - Created connection 494586676.
DEBUG main org.apache.ibatis.transaction.jdbc.JdbcTransaction - Setting autocommit to false on JDBC Connection [com.mysql.jdbc.JDBC4Connection@1d7acb34]
DEBUG main day04_lazyload.mapper.OrdersExt3Mapper.findOrdersExt - ==>  Preparing: SELECT o.id AS order_id, o.user_id, o.number, o.createtime, o.note, u.id AS uid, u.username, u.address, u.birthday, u.sex, od.id AS orderdetail_id, od.orders_id, od.items_id, od.items_num from orders o,user u,orderdetail od where o.user_id = u.id and od.orders_id = o.id and o.id = ? 
DEBUG main day04_lazyload.mapper.OrdersExt3Mapper.findOrdersExt - ==> Parameters: 3(Integer)
DEBUG main day04_lazyload.mapper.OrdersExt3Mapper.findOrdersExt - <==      Total: 2
DEBUG main org.apache.ibatis.transaction.jdbc.JdbcTransaction - Resetting autocommit to true on JDBC Connection [com.mysql.jdbc.JDBC4Connection@1d7acb34]
DEBUG main org.apache.ibatis.transaction.jdbc.JdbcTransaction - Closing JDBC Connection [com.mysql.jdbc.JDBC4Connection@1d7acb34]
DEBUG main org.apache.ibatis.datasource.pooled.PooledDataSource - Returned connection 494586676 to pool.
DEBUG main org.apache.ibatis.logging.LogFactory - Logging initialized using 'class org.apache.ibatis.logging.slf4j.Slf4jImpl' adapter.
DEBUG main org.apache.ibatis.datasource.pooled.PooledDataSource - PooledDataSource forcefully closed/removed all connections.
DEBUG main org.apache.ibatis.datasource.pooled.PooledDataSource - PooledDataSource forcefully closed/removed all connections.
DEBUG main org.apache.ibatis.datasource.pooled.PooledDataSource - PooledDataSource forcefully closed/removed all connections.
DEBUG main org.apache.ibatis.datasource.pooled.PooledDataSource - PooledDataSource forcefully closed/removed all connections.
DEBUG main org.apache.ibatis.transaction.jdbc.JdbcTransaction - Opening JDBC Connection
DEBUG main org.apache.ibatis.datasource.pooled.PooledDataSource - Created connection 2134991632.
DEBUG main org.apache.ibatis.transaction.jdbc.JdbcTransaction - Setting autocommit to false on JDBC Connection [com.mysql.jdbc.JDBC4Connection@7f416310]
DEBUG main day04_lazyload.mapper.OrdersExt3Mapper.findOrdersExt - ==>  Preparing: SELECT o.id AS order_id, o.user_id, o.number, o.createtime, o.note, u.id AS uid, u.username, u.address, u.birthday, u.sex, od.id AS orderdetail_id, od.orders_id, od.items_id, od.items_num from orders o,user u,orderdetail od where o.user_id = u.id and od.orders_id = o.id and o.id = ? 
DEBUG main day04_lazyload.mapper.OrdersExt3Mapper.findOrdersExt - ==> Parameters: 3(Integer)
DEBUG main day04_lazyload.mapper.OrdersExt3Mapper.findOrdersExt - <==      Total: 2
DEBUG main org.apache.ibatis.logging.LogFactory - Logging initialized using 'class org.apache.ibatis.logging.slf4j.Slf4jImpl' adapter.
DEBUG main org.apache.ibatis.datasource.pooled.PooledDataSource - PooledDataSource forcefully closed/removed all connections.
DEBUG main org.apache.ibatis.datasource.pooled.PooledDataSource - PooledDataSource forcefully closed/removed all connections.
DEBUG main org.apache.ibatis.datasource.pooled.PooledDataSource - PooledDataSource forcefully closed/removed all connections.
DEBUG main org.apache.ibatis.datasource.pooled.PooledDataSource - PooledDataSource forcefully closed/removed all connections.
DEBUG main org.apache.ibatis.transaction.jdbc.JdbcTransaction - Opening JDBC Connection
DEBUG main org.apache.ibatis.datasource.pooled.PooledDataSource - Created connection 2134991632.
DEBUG main org.apache.ibatis.transaction.jdbc.JdbcTransaction - Setting autocommit to false on JDBC Connection [com.mysql.jdbc.JDBC4Connection@7f416310]
DEBUG main day04_lazyload.mapper.OrdersExt3Mapper.findOrdersExt - ==>  Preparing: SELECT o.id AS order_id, o.user_id, o.number, o.createtime, o.note, u.id AS uid, u.username, u.address, u.birthday, u.sex, od.id AS orderdetail_id, od.orders_id, od.items_id, od.items_num from orders o,user u,orderdetail od where o.user_id = u.id and od.orders_id = o.id and o.id = ? 
DEBUG main day04_lazyload.mapper.OrdersExt3Mapper.findOrdersExt - ==> Parameters: 3(Integer)
DEBUG main day04_lazyload.mapper.OrdersExt3Mapper.findOrdersExt - <==      Total: 2
DEBUG main org.apache.ibatis.logging.LogFactory - Logging initialized using 'class org.apache.ibatis.logging.slf4j.Slf4jImpl' adapter.
DEBUG main org.apache.ibatis.logging.LogFactory - Logging initialized using 'class org.apache.ibatis.logging.slf4j.Slf4jImpl' adapter.
DEBUG main org.apache.ibatis.logging.LogFactory - Logging initialized using 'class org.apache.ibatis.logging.slf4j.Slf4jImpl' adapter.
